{"name": "test_login_parameterized[12345.com-WrongPass-False]", "status": "failed", "statusDetails": {"message": "AssertionError: assert 'Login was unsuccessful' in '<html><head>\\n    <title>Demo Web Shop. Login</title>\\n    <meta http-equiv=\"Content-type\" content=\"text/html;charset...i-menu ui-widget ui-widget-content ui-corner-all\" id=\"ui-id-1\" tabindex=\"0\" style=\"display: none;\"></ul></body></html>'\n +  where '<html><head>\\n    <title>Demo Web Shop. Login</title>\\n    <meta http-equiv=\"Content-type\" content=\"text/html;charset...i-menu ui-widget ui-widget-content ui-corner-all\" id=\"ui-id-1\" tabindex=\"0\" style=\"display: none;\"></ul></body></html>' = <selenium.webdriver.chrome.webdriver.WebDriver (session=\"f48b07fd18ee6f525d37956c86f11786\")>.page_source", "trace": "driver = <selenium.webdriver.chrome.webdriver.WebDriver (session=\"f48b07fd18ee6f525d37956c86f11786\")>\nbase_url = 'https://demowebshop.tricentis.com/', email = '12345.com'\npassword = 'WrongPass', expected_success = False\n\n    @pytest.mark.parametrize(\"email,password,expected_success\", [\n        (\"srinila@gmail.com\", \"Nila@123\", True),\n        (\"12345.com\", \"WrongPass\", False),\n        (\"priya@gmail.com\", \"_\", False)\n    ])\n    def test_login_parameterized(driver, base_url, email, password, expected_success):\n        driver.get(base_url + \"login\")\n        driver.find_element(By.ID, \"Email\").send_keys(email)\n        driver.find_element(By.ID, \"Password\").send_keys(password)\n        driver.find_element(By.ID, \"RememberMe\").click()\n        driver.find_element(By.CSS_SELECTOR, \"input.login-button\").click()\n        time.sleep(2)\n        if expected_success:\n            assert \"Log out\" in driver.page_source\n        else:\n>           assert \"Login was unsuccessful\" in driver.page_source\nE           assert 'Login was unsuccessful' in '<html><head>\\n    <title>Demo Web Shop. Login</title>\\n    <meta http-equiv=\"Content-type\" content=\"text/html;charset...i-menu ui-widget ui-widget-content ui-corner-all\" id=\"ui-id-1\" tabindex=\"0\" style=\"display: none;\"></ul></body></html>'\nE            +  where '<html><head>\\n    <title>Demo Web Shop. Login</title>\\n    <meta http-equiv=\"Content-type\" content=\"text/html;charset...i-menu ui-widget ui-widget-content ui-corner-all\" id=\"ui-id-1\" tabindex=\"0\" style=\"display: none;\"></ul></body></html>' = <selenium.webdriver.chrome.webdriver.WebDriver (session=\"f48b07fd18ee6f525d37956c86f11786\")>.page_source\n\ntest_parameterize_demowebshop.py:52: AssertionError"}, "parameters": [{"name": "email", "value": "'12345.com'"}, {"name": "password", "value": "'WrongPass'"}, {"name": "expected_success", "value": "False"}], "start": 1753635041905, "stop": 1753635047080, "uuid": "95e91ce2-c7cc-474a-8f53-4d89cf9d94e8", "historyId": "75fad68b26bf2db29c32355d12669bf6", "testCaseId": "c0fe526b66f7793a9ce5f94e07d1c2d7", "fullName": "test_parameterize_demowebshop#test_login_parameterized", "labels": [{"name": "suite", "value": "test_parameterize_demowebshop"}, {"name": "host", "value": "DESKTOP-H49NC95"}, {"name": "thread", "value": "13300-MainThread"}, {"name": "framework", "value": "pytest"}, {"name": "language", "value": "cpython3"}, {"name": "package", "value": "test_parameterize_demowebshop"}], "titlePath": ["test_parameterize_demowebshop.py"]}