{"uid":"618159a334d6dd77","name":"test_user_registration[John-Doe-Password123]","fullName":"test_parameterize_demowebshop#test_user_registration","historyId":"3e2c3a5e6da6dbf01baae0e0d2426ee7","time":{"start":1753551043429,"stop":1753551048776,"duration":5347},"status":"failed","statusMessage":"AssertionError: assert 'Your registration completed' in '<html><head>\\n    <title>Demo Web Shop. Register</title>\\n    <meta http-equiv=\"Content-type\" content=\"text/html;char...i-menu ui-widget ui-widget-content ui-corner-all\" id=\"ui-id-1\" tabindex=\"0\" style=\"display: none;\"></ul></body></html>'\n +  where '<html><head>\\n    <title>Demo Web Shop. Register</title>\\n    <meta http-equiv=\"Content-type\" content=\"text/html;char...i-menu ui-widget ui-widget-content ui-corner-all\" id=\"ui-id-1\" tabindex=\"0\" style=\"display: none;\"></ul></body></html>' = <selenium.webdriver.chrome.webdriver.WebDriver (session=\"88bd60e6e2af1bb26f4900eebcfe6475\")>.page_source","statusTrace":"driver = <selenium.webdriver.chrome.webdriver.WebDriver (session=\"88bd60e6e2af1bb26f4900eebcfe6475\")>\nbase_url = 'https://demowebshop.tricentis.com/', first_name = 'John'\nlast_name = 'Doe', password = 'Password123'\n\n    @pytest.mark.parametrize(\"first_name,last_name,password\", [\n        (\"Nila\", \"J\", \"Nila123\"),\n        (\"John\", \"Doe\", \"Password123\"),\n        (\"Priya\", \"D\", \"Secure@456\")\n    ])\n    def test_user_registration(driver, base_url, first_name, last_name, password):\n        email = generate_email()\n        driver.get(base_url + \"register\")\n        driver.find_element(By.ID, \"gender-female\").click()\n        driver.find_element(By.ID, \"FirstName\").send_keys(first_name)\n        driver.find_element(By.ID, \"LastName\").send_keys(last_name)\n        driver.find_element(By.ID, \"Email\").send_keys(email)\n        driver.find_element(By.ID, \"Password\").send_keys(password)\n        driver.find_element(By.ID, \"ConfirmPassword\").send_keys(password)\n        driver.find_element(By.ID, \"register-button\").click()\n>       assert \"Your registration completed\" in driver.page_source\nE       assert 'Your registration completed' in '<html><head>\\n    <title>Demo Web Shop. Register</title>\\n    <meta http-equiv=\"Content-type\" content=\"text/html;char...i-menu ui-widget ui-widget-content ui-corner-all\" id=\"ui-id-1\" tabindex=\"0\" style=\"display: none;\"></ul></body></html>'\nE        +  where '<html><head>\\n    <title>Demo Web Shop. Register</title>\\n    <meta http-equiv=\"Content-type\" content=\"text/html;char...i-menu ui-widget ui-widget-content ui-corner-all\" id=\"ui-id-1\" tabindex=\"0\" style=\"display: none;\"></ul></body></html>' = <selenium.webdriver.chrome.webdriver.WebDriver (session=\"88bd60e6e2af1bb26f4900eebcfe6475\")>.page_source\n\ntest_parameterize_demowebshop.py:35: AssertionError","flaky":false,"newFailed":false,"newBroken":false,"newPassed":false,"retriesCount":0,"retriesStatusChange":false,"beforeStages":[{"name":"base_url","time":{"start":1753551027903,"stop":1753551027903,"duration":0},"status":"passed","steps":[],"attachments":[],"parameters":[],"hasContent":false,"attachmentsCount":0,"shouldDisplayMessage":false,"attachmentStep":false,"stepsCount":0},{"name":"driver","time":{"start":1753551041240,"stop":1753551043425,"duration":2185},"status":"passed","steps":[],"attachments":[],"parameters":[],"hasContent":false,"attachmentsCount":0,"shouldDisplayMessage":false,"attachmentStep":false,"stepsCount":0}],"testStage":{"status":"failed","statusMessage":"AssertionError: assert 'Your registration completed' in '<html><head>\\n    <title>Demo Web Shop. Register</title>\\n    <meta http-equiv=\"Content-type\" content=\"text/html;char...i-menu ui-widget ui-widget-content ui-corner-all\" id=\"ui-id-1\" tabindex=\"0\" style=\"display: none;\"></ul></body></html>'\n +  where '<html><head>\\n    <title>Demo Web Shop. Register</title>\\n    <meta http-equiv=\"Content-type\" content=\"text/html;char...i-menu ui-widget ui-widget-content ui-corner-all\" id=\"ui-id-1\" tabindex=\"0\" style=\"display: none;\"></ul></body></html>' = <selenium.webdriver.chrome.webdriver.WebDriver (session=\"88bd60e6e2af1bb26f4900eebcfe6475\")>.page_source","statusTrace":"driver = <selenium.webdriver.chrome.webdriver.WebDriver (session=\"88bd60e6e2af1bb26f4900eebcfe6475\")>\nbase_url = 'https://demowebshop.tricentis.com/', first_name = 'John'\nlast_name = 'Doe', password = 'Password123'\n\n    @pytest.mark.parametrize(\"first_name,last_name,password\", [\n        (\"Nila\", \"J\", \"Nila123\"),\n        (\"John\", \"Doe\", \"Password123\"),\n        (\"Priya\", \"D\", \"Secure@456\")\n    ])\n    def test_user_registration(driver, base_url, first_name, last_name, password):\n        email = generate_email()\n        driver.get(base_url + \"register\")\n        driver.find_element(By.ID, \"gender-female\").click()\n        driver.find_element(By.ID, \"FirstName\").send_keys(first_name)\n        driver.find_element(By.ID, \"LastName\").send_keys(last_name)\n        driver.find_element(By.ID, \"Email\").send_keys(email)\n        driver.find_element(By.ID, \"Password\").send_keys(password)\n        driver.find_element(By.ID, \"ConfirmPassword\").send_keys(password)\n        driver.find_element(By.ID, \"register-button\").click()\n>       assert \"Your registration completed\" in driver.page_source\nE       assert 'Your registration completed' in '<html><head>\\n    <title>Demo Web Shop. Register</title>\\n    <meta http-equiv=\"Content-type\" content=\"text/html;char...i-menu ui-widget ui-widget-content ui-corner-all\" id=\"ui-id-1\" tabindex=\"0\" style=\"display: none;\"></ul></body></html>'\nE        +  where '<html><head>\\n    <title>Demo Web Shop. Register</title>\\n    <meta http-equiv=\"Content-type\" content=\"text/html;char...i-menu ui-widget ui-widget-content ui-corner-all\" id=\"ui-id-1\" tabindex=\"0\" style=\"display: none;\"></ul></body></html>' = <selenium.webdriver.chrome.webdriver.WebDriver (session=\"88bd60e6e2af1bb26f4900eebcfe6475\")>.page_source\n\ntest_parameterize_demowebshop.py:35: AssertionError","steps":[],"attachments":[{"uid":"f89bd197c2a31eb2","name":"test_user_registration[John-Doe-Password123]_2025-07-26_23-00-49.png","source":"f89bd197c2a31eb2.png","type":"image/png","size":55435}],"parameters":[],"hasContent":true,"attachmentsCount":1,"shouldDisplayMessage":true,"attachmentStep":false,"stepsCount":0},"afterStages":[{"name":"driver::0","time":{"start":1753551049288,"stop":1753551052515,"duration":3227},"status":"passed","steps":[],"attachments":[],"parameters":[],"hasContent":false,"attachmentsCount":0,"shouldDisplayMessage":false,"attachmentStep":false,"stepsCount":0}],"labels":[{"name":"suite","value":"test_parameterize_demowebshop"},{"name":"host","value":"DESKTOP-H49NC95"},{"name":"thread","value":"15324-MainThread"},{"name":"framework","value":"pytest"},{"name":"language","value":"cpython3"},{"name":"package","value":"test_parameterize_demowebshop"},{"name":"resultFormat","value":"allure2"}],"parameters":[{"name":"first_name","value":"'John'"},{"name":"last_name","value":"'Doe'"},{"name":"password","value":"'Password123'"}],"links":[],"hidden":false,"retry":false,"extra":{"severity":"normal","retries":[],"categories":[{"name":"Product defects","matchedStatuses":[]}],"tags":[]},"source":"618159a334d6dd77.json","parameterValues":["'John'","'Doe'","'Password123'"]}