{"uid":"a8d7aa02e4fb1e0e","name":"test_login_parameterized[12345.com-WrongPass-False]","fullName":"test_parameterize_demowebshop#test_login_parameterized","historyId":"75fad68b26bf2db29c32355d12669bf6","time":{"start":1753551079326,"stop":1753551086657,"duration":7331},"status":"failed","statusMessage":"AssertionError: assert 'Login was unsuccessful' in '<html><head>\\n    <title>Demo Web Shop. Login</title>\\n    <meta http-equiv=\"Content-type\" content=\"text/html;charset...i-menu ui-widget ui-widget-content ui-corner-all\" id=\"ui-id-1\" tabindex=\"0\" style=\"display: none;\"></ul></body></html>'\n +  where '<html><head>\\n    <title>Demo Web Shop. Login</title>\\n    <meta http-equiv=\"Content-type\" content=\"text/html;charset...i-menu ui-widget ui-widget-content ui-corner-all\" id=\"ui-id-1\" tabindex=\"0\" style=\"display: none;\"></ul></body></html>' = <selenium.webdriver.chrome.webdriver.WebDriver (session=\"1fb81c84c7972591a62bfa61b638d3dc\")>.page_source","statusTrace":"driver = <selenium.webdriver.chrome.webdriver.WebDriver (session=\"1fb81c84c7972591a62bfa61b638d3dc\")>\nbase_url = 'https://demowebshop.tricentis.com/', email = '12345.com'\npassword = 'WrongPass', expected_success = False\n\n    @pytest.mark.parametrize(\"email,password,expected_success\", [\n        (\"srinila@gmail.com\", \"Nila@123\", True),\n        (\"12345.com\", \"WrongPass\", False),\n        (\"priya@gmail.com\", \"_\", False)\n    ])\n    def test_login_parameterized(driver, base_url, email, password, expected_success):\n        driver.get(base_url + \"login\")\n        driver.find_element(By.ID, \"Email\").send_keys(email)\n        driver.find_element(By.ID, \"Password\").send_keys(password)\n        driver.find_element(By.ID, \"RememberMe\").click()\n        driver.find_element(By.CSS_SELECTOR, \"input.login-button\").click()\n        time.sleep(2)\n        if expected_success:\n            assert \"Log out\" in driver.page_source\n        else:\n>           assert \"Login was unsuccessful\" in driver.page_source\nE           assert 'Login was unsuccessful' in '<html><head>\\n    <title>Demo Web Shop. Login</title>\\n    <meta http-equiv=\"Content-type\" content=\"text/html;charset...i-menu ui-widget ui-widget-content ui-corner-all\" id=\"ui-id-1\" tabindex=\"0\" style=\"display: none;\"></ul></body></html>'\nE            +  where '<html><head>\\n    <title>Demo Web Shop. Login</title>\\n    <meta http-equiv=\"Content-type\" content=\"text/html;charset...i-menu ui-widget ui-widget-content ui-corner-all\" id=\"ui-id-1\" tabindex=\"0\" style=\"display: none;\"></ul></body></html>' = <selenium.webdriver.chrome.webdriver.WebDriver (session=\"1fb81c84c7972591a62bfa61b638d3dc\")>.page_source\n\ntest_parameterize_demowebshop.py:52: AssertionError","flaky":false,"newFailed":false,"newBroken":false,"newPassed":false,"retriesCount":0,"retriesStatusChange":false,"beforeStages":[{"name":"base_url","time":{"start":1753551027903,"stop":1753551027903,"duration":0},"status":"passed","steps":[],"attachments":[],"parameters":[],"hasContent":false,"attachmentsCount":0,"shouldDisplayMessage":false,"attachmentStep":false,"stepsCount":0},{"name":"driver","time":{"start":1753551075979,"stop":1753551079321,"duration":3342},"status":"passed","steps":[],"attachments":[],"parameters":[],"hasContent":false,"attachmentsCount":0,"shouldDisplayMessage":false,"attachmentStep":false,"stepsCount":0}],"testStage":{"status":"failed","statusMessage":"AssertionError: assert 'Login was unsuccessful' in '<html><head>\\n    <title>Demo Web Shop. Login</title>\\n    <meta http-equiv=\"Content-type\" content=\"text/html;charset...i-menu ui-widget ui-widget-content ui-corner-all\" id=\"ui-id-1\" tabindex=\"0\" style=\"display: none;\"></ul></body></html>'\n +  where '<html><head>\\n    <title>Demo Web Shop. Login</title>\\n    <meta http-equiv=\"Content-type\" content=\"text/html;charset...i-menu ui-widget ui-widget-content ui-corner-all\" id=\"ui-id-1\" tabindex=\"0\" style=\"display: none;\"></ul></body></html>' = <selenium.webdriver.chrome.webdriver.WebDriver (session=\"1fb81c84c7972591a62bfa61b638d3dc\")>.page_source","statusTrace":"driver = <selenium.webdriver.chrome.webdriver.WebDriver (session=\"1fb81c84c7972591a62bfa61b638d3dc\")>\nbase_url = 'https://demowebshop.tricentis.com/', email = '12345.com'\npassword = 'WrongPass', expected_success = False\n\n    @pytest.mark.parametrize(\"email,password,expected_success\", [\n        (\"srinila@gmail.com\", \"Nila@123\", True),\n        (\"12345.com\", \"WrongPass\", False),\n        (\"priya@gmail.com\", \"_\", False)\n    ])\n    def test_login_parameterized(driver, base_url, email, password, expected_success):\n        driver.get(base_url + \"login\")\n        driver.find_element(By.ID, \"Email\").send_keys(email)\n        driver.find_element(By.ID, \"Password\").send_keys(password)\n        driver.find_element(By.ID, \"RememberMe\").click()\n        driver.find_element(By.CSS_SELECTOR, \"input.login-button\").click()\n        time.sleep(2)\n        if expected_success:\n            assert \"Log out\" in driver.page_source\n        else:\n>           assert \"Login was unsuccessful\" in driver.page_source\nE           assert 'Login was unsuccessful' in '<html><head>\\n    <title>Demo Web Shop. Login</title>\\n    <meta http-equiv=\"Content-type\" content=\"text/html;charset...i-menu ui-widget ui-widget-content ui-corner-all\" id=\"ui-id-1\" tabindex=\"0\" style=\"display: none;\"></ul></body></html>'\nE            +  where '<html><head>\\n    <title>Demo Web Shop. Login</title>\\n    <meta http-equiv=\"Content-type\" content=\"text/html;charset...i-menu ui-widget ui-widget-content ui-corner-all\" id=\"ui-id-1\" tabindex=\"0\" style=\"display: none;\"></ul></body></html>' = <selenium.webdriver.chrome.webdriver.WebDriver (session=\"1fb81c84c7972591a62bfa61b638d3dc\")>.page_source\n\ntest_parameterize_demowebshop.py:52: AssertionError","steps":[],"attachments":[{"uid":"b297dad26cd5dbc4","name":"test_login_parameterized[12345.com-WrongPass-False]_2025-07-26_23-01-26.png","source":"b297dad26cd5dbc4.png","type":"image/png","size":64866}],"parameters":[],"hasContent":true,"attachmentsCount":1,"shouldDisplayMessage":true,"attachmentStep":false,"stepsCount":0},"afterStages":[{"name":"driver::0","time":{"start":1753551086875,"stop":1753551091199,"duration":4324},"status":"passed","steps":[],"attachments":[],"parameters":[],"hasContent":false,"attachmentsCount":0,"shouldDisplayMessage":false,"attachmentStep":false,"stepsCount":0}],"labels":[{"name":"suite","value":"test_parameterize_demowebshop"},{"name":"host","value":"DESKTOP-H49NC95"},{"name":"thread","value":"15324-MainThread"},{"name":"framework","value":"pytest"},{"name":"language","value":"cpython3"},{"name":"package","value":"test_parameterize_demowebshop"},{"name":"resultFormat","value":"allure2"}],"parameters":[{"name":"email","value":"'12345.com'"},{"name":"expected_success","value":"False"},{"name":"password","value":"'WrongPass'"}],"links":[],"hidden":false,"retry":false,"extra":{"severity":"normal","retries":[],"categories":[{"name":"Product defects","matchedStatuses":[]}],"tags":[]},"source":"a8d7aa02e4fb1e0e.json","parameterValues":["'12345.com'","False","'WrongPass'"]}